<?xml version="1.0" encoding="UTF-8"?>
<testng-results ignored="0" total="1" passed="1" failed="0" skipped="0">
  <reporter-output>
    <line>
      <![CDATA[Extent Report DirectoryC:\Users\User1\IdeaProjects\FinalB\target\surefire-reports\html]]>
    </line>
  </reporter-output>
  <suite started-at="2023-01-24T15:53:41 CET" name="nopcommerce" finished-at="2023-01-24T15:53:49 CET" duration-ms="7705">
    <groups>
    </groups>
    <test started-at="2023-01-24T15:53:41 CET" name="test computers desktops" finished-at="2023-01-24T15:53:49 CET" duration-ms="7668">
      <class name="org.example.TestComputersDesktops">
        <test-method is-config="true" signature="setUp(boolean,java.lang.String,java.lang.String,java.lang.String,java.lang.String,java.lang.String,java.lang.String)[pri:0, instance:org.example.TestComputersDesktops@5e0826e7]" started-at="2023-01-24T15:53:41 CET" name="setUp" finished-at="2023-01-24T15:53:46 CET" duration-ms="4553" status="PASS">
          <params>
            <param index="0">
              <value>
                <![CDATA[false]]>
              </value>
            </param>
            <param index="1">
              <value>
                <![CDATA[browserstack]]>
              </value>
            </param>
            <param index="2">
              <value>
                <![CDATA[https://demo.nopcommerce.com/]]>
              </value>
            </param>
            <param index="3">
              <value>
                <![CDATA[windows]]>
              </value>
            </param>
            <param index="4">
              <value>
                <![CDATA[Ventura]]>
              </value>
            </param>
            <param index="5">
              <value>
                <![CDATA[chrome]]>
              </value>
            </param>
            <param index="6">
              <value>
                <![CDATA[108]]>
              </value>
            </param>
          </params>
          <reporter-output>
          </reporter-output>
        </test-method> <!-- setUp -->
        <test-method is-config="true" signature="startExtent(java.lang.reflect.Method)[pri:0, instance:org.example.TestComputersDesktops@5e0826e7]" started-at="2023-01-24T15:53:46 CET" name="startExtent" finished-at="2023-01-24T15:53:46 CET" duration-ms="9" status="PASS">
          <params>
            <param index="0">
              <value>
                <![CDATA[public void org.example.TestComputersDesktops.ComputersDesktops()]]>
              </value>
            </param>
          </params>
          <reporter-output>
          </reporter-output>
        </test-method> <!-- startExtent -->
        <test-method signature="ComputersDesktops()[pri:0, instance:org.example.TestComputersDesktops@5e0826e7]" started-at="2023-01-24T15:53:46 CET" name="ComputersDesktops" finished-at="2023-01-24T15:53:48 CET" duration-ms="2513" status="PASS">
          <reporter-output>
          </reporter-output>
        </test-method> <!-- ComputersDesktops -->
        <test-method is-config="true" signature="afterEachTestMethod(org.testng.ITestResult)[pri:0, instance:org.example.TestComputersDesktops@5e0826e7]" started-at="2023-01-24T15:53:48 CET" name="afterEachTestMethod" finished-at="2023-01-24T15:53:49 CET" duration-ms="559" status="PASS">
          <params>
            <param index="0">
              <value>
                <![CDATA[[TestResult name=ComputersDesktops status=SUCCESS method=TestComputersDesktops.ComputersDesktops()[pri:0, instance:org.example.TestComputersDesktops@5e0826e7] output={null}]]]>
              </value>
            </param>
          </params>
          <reporter-output>
          </reporter-output>
        </test-method> <!-- afterEachTestMethod -->
      </class> <!-- org.example.TestComputersDesktops -->
    </test> <!-- test computers desktops -->
    <test started-at="2023-01-24T15:53:49 CET" name="test return to home page" finished-at="2023-01-24T15:53:49 CET" duration-ms="0">
      <class name="org.example.TestComputersDesktops">
        <test-method is-config="true" signature="extentSetup(org.testng.ITestContext)[pri:0, instance:org.example.TestComputersDesktops@5e0826e7]" started-at="2023-01-24T15:53:41 CET" name="extentSetup" finished-at="2023-01-24T15:53:41 CET" duration-ms="198" status="PASS">
          <params>
            <param index="0">
              <value>
                <![CDATA[org.testng.TestRunner@7c1447b5]]>
              </value>
            </param>
          </params>
          <reporter-output>
            <line>
              <![CDATA[Extent Report DirectoryC:\Users\User1\IdeaProjects\FinalB\target\surefire-reports\html]]>
            </line>
          </reporter-output>
        </test-method> <!-- extentSetup -->
        <test-method is-config="true" signature="generateReport()[pri:0, instance:org.example.TestComputersDesktops@5e0826e7]" started-at="2023-01-24T15:53:49 CET" name="generateReport" finished-at="2023-01-24T15:53:49 CET" duration-ms="62" status="PASS">
          <reporter-output>
          </reporter-output>
        </test-method> <!-- generateReport -->
      </class> <!-- org.example.TestComputersDesktops -->
    </test> <!-- test return to home page -->
  </suite> <!-- nopcommerce -->
</testng-results>
